[2024-08-12 02:14:35,999] multiqc                                            [DEBUG  ]  This is MultiQC v1.13
[2024-08-12 02:14:36,029] multiqc                                            [DEBUG  ]  Loading config settings from: multiqc_config.yml
[2024-08-12 02:14:36,030] multiqc                                            [DEBUG  ]  New config: {'report_comment': 'This report has been generated by the <a href="https://github.com/nf-core/rnaseq" target="_blank">nf-core/rnaseq</a> analysis pipeline. For information about how to interpret these results, please see the <a href="https://nf-co.re/rnaseq" target="_blank">documentation</a>.\n', 'report_section_order': {'nf-core-rnaseq-methods-description': {'order': -1000}, 'software_versions': {'order': -1001}, 'nf-core-rnaseq-summary': {'order': -1002}}, 'export_plots': True, 'run_modules': ['custom_content', 'fastqc', 'cutadapt', 'sortmerna', 'star', 'hisat2', 'rsem', 'salmon', 'samtools', 'picard', 'preseq', 'rseqc', 'qualimap'], 'top_modules': ['fail_trimmed_samples', 'fail_mapped_samples', 'fail_strand_check', 'star_rsem_deseq2_pca', 'star_rsem_deseq2_clustering', 'star_salmon_deseq2_pca', 'star_salmon_deseq2_clustering', 'salmon_deseq2_pca', 'salmon_deseq2_clustering', 'biotype_counts', 'dupradar'], 'module_order': [{'fastqc': {'name': 'FastQC (raw)', 'info': 'This section of the report shows FastQC results before adapter trimming.', 'path_filters': ['./fastqc/*.zip']}}, 'cutadapt', {'fastqc': {'name': 'FastQC (trimmed)', 'info': 'This section of the report shows FastQC results after adapter trimming.', 'path_filters': ['./trimgalore/fastqc/*.zip']}}], 'table_columns_visible': {'fastqc': {'percent_duplicates': False}}, 'custom_data': {'fail_trimmed_samples': {'section_name': 'WARNING: Fail Trimming Check', 'description': "List of samples that failed the minimum trimmed reads threshold specified via the '--min_trimmed_reads' parameter, and hence were ignored for the downstream processing steps.", 'plot_type': 'table', 'pconfig': {'id': 'fail_trimmed_samples_table', 'table_title': 'Samples failed trimming threshold', 'namespace': 'Samples failed trimming threshold', 'format': '{:.0f}'}}, 'fail_mapped_samples': {'section_name': 'WARNING: Fail Alignment Check', 'description': "List of samples that failed the STAR minimum mapped reads threshold specified via the '--min_mapped_reads' parameter, and hence were ignored for the downstream processing steps.", 'plot_type': 'table', 'pconfig': {'id': 'fail_mapped_samples_table', 'table_title': 'Samples failed mapping threshold', 'namespace': 'Samples failed mapping threshold', 'format': '{:.2f}'}}, 'fail_strand_check': {'section_name': 'WARNING: Fail Strand Check', 'description': "List of samples that failed the strandedness check between that provided in the samplesheet and calculated by the <a href='http://rseqc.sourceforge.net/#infer-experiment-py'>RSeQC infer_experiment.py</a> tool.", 'plot_type': 'table', 'pconfig': {'id': 'fail_strand_check_table', 'table_title': 'Samples failed strandedness check', 'namespace': 'Samples failed strandedness check', 'format': '{:.2f}'}}}}
[2024-08-12 02:14:36,030] multiqc                                            [DEBUG  ]  Added to filename patterns: [{'cutadapt': {'fn': '*trimming_report.txt'}, 'sortmerna': {'fn': '*.sortmerna.log'}, 'hisat2': {'fn': '*.hisat2.summary.log'}, 'salmon/meta': {'fn': 'meta_info.json'}, 'preseq': {'fn': '*.lc_extrap.txt'}, 'samtools/stats': {'fn': '*.stats'}, 'samtools/flagstat': {'fn': '*.flagstat'}, 'samtools/idxstats': {'fn': '*.idxstats*'}, 'rseqc/bam_stat': {'fn': '*.bam_stat.txt'}, 'rseqc/gene_body_coverage': {'skip': True}, 'rseqc/junction_annotation': {'fn': '*.junction_annotation.log'}, 'rseqc/read_gc': {'skip': True}, 'rseqc/read_distribution': {'fn': '*.read_distribution.txt'}, 'rseqc/infer_experiment': {'fn': '*.infer_experiment.txt'}, 'rseqc/tin': {'fn': '*.summary.txt'}, 'picard/markdups': {'fn': '*.MarkDuplicates.metrics.txt'}, 'picard/alignment_metrics': {'skip': True}, 'picard/basedistributionbycycle': {'skip': True}, 'picard/gcbias': {'skip': True}, 'picard/hsmetrics': {'skip': True}, 'picard/insertsize': {'skip': True}, 'picard/oxogmetrics': {'skip': True}, 'picard/pcr_metrics': {'skip': True}, 'picard/quality_by_cycle': {'skip': True}, 'picard/quality_score_distribution': {'skip': True}, 'picard/quality_yield_metrics': {'skip': True}, 'picard/rnaseqmetrics': {'skip': True}, 'picard/rrbs_metrics': {'skip': True}, 'picard/sam_file_validation': {'skip': True}, 'picard/variant_calling_metrics': {'skip': True}, 'picard/wgs_metrics': {'skip': True}}]
[2024-08-12 02:14:36,030] multiqc                                            [DEBUG  ]  Added to filename clean extensions: [['.umi_dedup', '_val', '.markdup']]
[2024-08-12 02:14:36,030] multiqc                                            [DEBUG  ]  Command used: /usr/local/bin/multiqc -f .
[2024-08-12 02:14:38,284] multiqc                                            [WARNING]  MultiQC Version v1.23 now available!
[2024-08-12 02:14:38,284] multiqc                                            [DEBUG  ]  Working dir : /scratch/laxy/jobs/1qUtszdMrQnXC4tawunu92/output/work/b1/63d420c26d3bf396316b9dc3146b33
[2024-08-12 02:14:38,284] multiqc                                            [DEBUG  ]  Template    : default
[2024-08-12 02:14:38,284] multiqc                                            [DEBUG  ]  Running Python 3.10.6 | packaged by conda-forge | (main, Aug 22 2022, 20:35:26) [GCC 10.4.0]
[2024-08-12 02:14:38,285] multiqc                                            [INFO   ]  Only using modules: custom_content, fastqc, cutadapt, sortmerna, star, hisat2, rsem, salmon, samtools, picard, preseq, rseqc, qualimap
[2024-08-12 02:14:38,285] multiqc                                            [DEBUG  ]  Analysing modules: custom_content, hisat2, picard, preseq, qualimap, rsem, rseqc, salmon, samtools, sortmerna, star, fastqc, cutadapt, fastqc
[2024-08-12 02:14:38,285] multiqc                                            [DEBUG  ]  Using temporary directory for creating report: /scratch/laxy/tmp/1qUtszdMrQnXC4tawunu92/tmpc1qxexy2
[2024-08-12 02:14:38,452] multiqc                                            [INFO   ]  Search path : /scratch/laxy/jobs/1qUtszdMrQnXC4tawunu92/output/work/b1/63d420c26d3bf396316b9dc3146b33
[2024-08-12 02:14:38,453] multiqc                                            [DEBUG  ]  Ignored 224 search patterns as didn't match running modules.
[2024-08-12 02:14:38,453] multiqc                                            [INFO   ]  Skipping 17 file search patterns
[2024-08-12 02:14:38,453] multiqc                                            [DEBUG  ]  Skipping search patterns: picard/alignment_metrics, picard/basedistributionbycycle, picard/gcbias, picard/hsmetrics, picard/insertsize, picard/oxogmetrics, picard/pcr_metrics, picard/quality_by_cycle, picard/quality_score_distribution, picard/quality_yield_metrics, picard/rnaseqmetrics, picard/rrbs_metrics, picard/sam_file_validation, picard/variant_calling_metrics, picard/wgs_metrics, rseqc/gene_body_coverage, rseqc/read_gc
[2024-08-12 02:14:46,942] multiqc                                            [DEBUG  ]  Summary of files that were skipped by the search: [skipped_no_match: 512] // [skipped_filesize_limit: 12]
[2024-08-12 02:14:48,607] multiqc.plots.bargraph                             [DEBUG  ]  Using matplotlib version 3.5.3
[2024-08-12 02:14:48,609] multiqc.plots.linegraph                            [DEBUG  ]  Using matplotlib version 3.5.3
[2024-08-12 02:14:48,891] multiqc.modules.custom_content.custom_content      [INFO   ]  software_versions: Found 1 sample (html)
[2024-08-12 02:14:48,891] multiqc.modules.custom_content.custom_content      [INFO   ]  nf-core-rnaseq-methods-description: Found 1 sample (html)
[2024-08-12 02:14:48,891] multiqc.modules.custom_content.custom_content      [INFO   ]  nf-core-rnaseq-summary: Found 1 sample (html)
[2024-08-12 02:14:48,891] multiqc.modules.custom_content.custom_content      [INFO   ]  biotype-gs: Found 12 General Statistics columns
[2024-08-12 02:14:52,304] multiqc.modules.custom_content.custom_content      [INFO   ]  biotype_counts: Found 12 samples (bargraph)
[2024-08-12 02:14:52,305] multiqc                                            [DEBUG  ]  multiqc_star_salmon_deseq2_clustering-plot could not be saved as tsv/csv. Falling back to YAML.
[2024-08-12 02:14:52,310] multiqc.modules.custom_content.custom_content      [INFO   ]  star_salmon_deseq2_clustering: Found 12 samples (heatmap)
[2024-08-12 02:14:52,310] multiqc.modules.custom_content.custom_content      [INFO   ]  star_salmon_deseq2_pca: Found 12 samples (scatter)
[2024-08-12 02:14:52,310] multiqc.modules.custom_content.custom_content      [INFO   ]  salmon_deseq2_pca: Found 12 samples (scatter)
[2024-08-12 02:14:52,310] multiqc                                            [DEBUG  ]  multiqc_salmon_deseq2_clustering-plot could not be saved as tsv/csv. Falling back to YAML.
[2024-08-12 02:14:52,314] multiqc.modules.custom_content.custom_content      [INFO   ]  salmon_deseq2_clustering: Found 12 samples (heatmap)
[2024-08-12 02:14:52,314] multiqc.modules.custom_content.custom_content      [INFO   ]  DupInt: Found 12 General Statistics columns
[2024-08-12 02:14:58,381] multiqc.modules.custom_content.custom_content      [INFO   ]  dupradar: Found 12 samples (linegraph)
[2024-08-12 02:14:59,247] multiqc.modules.picard.picard                      [INFO   ]  Found 12 MarkDuplicates reports
[2024-08-12 02:15:01,524] multiqc.modules.qualimap.qualimap                  [INFO   ]  Found 12 RNASeq reports
[2024-08-12 02:15:03,008] multiqc.modules.rseqc.rseqc                        [INFO   ]  Found 12 read_distribution reports
[2024-08-12 02:15:03,881] multiqc.modules.rseqc.rseqc                        [INFO   ]  Found 12 read_duplication reports
[2024-08-12 02:15:05,637] multiqc.modules.rseqc.rseqc                        [INFO   ]  Found 12 junction_annotation reports
[2024-08-12 02:15:07,492] multiqc.modules.rseqc.rseqc                        [INFO   ]  Found 12 junction_saturation reports
[2024-08-12 02:15:07,967] multiqc.modules.rseqc.rseqc                        [INFO   ]  Found 12 infer_experiment reports
[2024-08-12 02:15:07,983] multiqc.modules.rseqc.rseqc                        [INFO   ]  Found 12 bam_stat reports
[2024-08-12 02:15:08,179] multiqc.modules.salmon.salmon                      [INFO   ]  Found 12 meta reports
[2024-08-12 02:15:08,179] multiqc.modules.salmon.salmon                      [INFO   ]  Found 12 fragment length distributions
[2024-08-12 02:15:09,784] multiqc.modules.samtools.samtools                  [INFO   ]  Found 12 stats reports
[2024-08-12 02:15:09,798] multiqc.modules.samtools.samtools                  [INFO   ]  Found 12 flagstat reports
[2024-08-12 02:15:13,039] multiqc.modules.samtools.samtools                  [INFO   ]  Found 12 idxstats reports
[2024-08-12 02:15:13,209] multiqc.modules.star.star                          [INFO   ]  Found 12 reports
[2024-08-12 02:15:14,371] multiqc.modules.base_module                        [DEBUG  ]  fastqc/zip - Selecting './fastqc/SRR2155413_fastqc.zip' as it matched the path_filters for 'FastQC (raw)'
[2024-08-12 02:15:14,417] multiqc.modules.base_module                        [DEBUG  ]  fastqc/zip - Selecting './fastqc/SRR2155423_fastqc.zip' as it matched the path_filters for 'FastQC (raw)'
[2024-08-12 02:15:14,465] multiqc.modules.base_module                        [DEBUG  ]  fastqc/zip - Selecting './fastqc/SRR2155415_fastqc.zip' as it matched the path_filters for 'FastQC (raw)'
[2024-08-12 02:15:14,520] multiqc.modules.base_module                        [DEBUG  ]  fastqc/zip - Selecting './fastqc/SRR2155421_fastqc.zip' as it matched the path_filters for 'FastQC (raw)'
[2024-08-12 02:15:14,574] multiqc.modules.base_module                        [DEBUG  ]  fastqc/zip - Selecting './fastqc/SRR2155417_fastqc.zip' as it matched the path_filters for 'FastQC (raw)'
[2024-08-12 02:15:14,614] multiqc.modules.base_module                        [DEBUG  ]  fastqc/zip - Selecting './fastqc/SRR2155422_fastqc.zip' as it matched the path_filters for 'FastQC (raw)'
[2024-08-12 02:15:14,675] multiqc.modules.base_module                        [DEBUG  ]  fastqc/zip - Selecting './fastqc/SRR2155424_fastqc.zip' as it matched the path_filters for 'FastQC (raw)'
[2024-08-12 02:15:14,744] multiqc.modules.base_module                        [DEBUG  ]  fastqc/zip - Selecting './fastqc/SRR2155416_fastqc.zip' as it matched the path_filters for 'FastQC (raw)'
[2024-08-12 02:15:14,780] multiqc.modules.base_module                        [DEBUG  ]  fastqc/zip - Selecting './fastqc/SRR2155419_fastqc.zip' as it matched the path_filters for 'FastQC (raw)'
[2024-08-12 02:15:14,860] multiqc.modules.base_module                        [DEBUG  ]  fastqc/zip - Selecting './fastqc/SRR2155418_fastqc.zip' as it matched the path_filters for 'FastQC (raw)'
[2024-08-12 02:15:14,915] multiqc.modules.base_module                        [DEBUG  ]  fastqc/zip - Selecting './fastqc/SRR2155420_fastqc.zip' as it matched the path_filters for 'FastQC (raw)'
[2024-08-12 02:15:14,952] multiqc.modules.base_module                        [DEBUG  ]  fastqc/zip - Selecting './fastqc/SRR2155414_fastqc.zip' as it matched the path_filters for 'FastQC (raw)'
[2024-08-12 02:15:14,982] multiqc.modules.fastqc.fastqc                      [INFO   ]  Found 12 reports
[2024-08-12 02:15:20,514] multiqc.modules.base_module                        [DEBUG  ]  fastqc/zip - Skipping './fastqc/SRR2155413_fastqc.zip' as it didn't match the path_filters for 'FastQC (trimmed)'
[2024-08-12 02:15:20,514] multiqc.modules.base_module                        [DEBUG  ]  fastqc/zip - Skipping './fastqc/SRR2155423_fastqc.zip' as it didn't match the path_filters for 'FastQC (trimmed)'
[2024-08-12 02:15:20,514] multiqc.modules.base_module                        [DEBUG  ]  fastqc/zip - Skipping './fastqc/SRR2155415_fastqc.zip' as it didn't match the path_filters for 'FastQC (trimmed)'
[2024-08-12 02:15:20,514] multiqc.modules.base_module                        [DEBUG  ]  fastqc/zip - Skipping './fastqc/SRR2155421_fastqc.zip' as it didn't match the path_filters for 'FastQC (trimmed)'
[2024-08-12 02:15:20,514] multiqc.modules.base_module                        [DEBUG  ]  fastqc/zip - Skipping './fastqc/SRR2155417_fastqc.zip' as it didn't match the path_filters for 'FastQC (trimmed)'
[2024-08-12 02:15:20,514] multiqc.modules.base_module                        [DEBUG  ]  fastqc/zip - Skipping './fastqc/SRR2155422_fastqc.zip' as it didn't match the path_filters for 'FastQC (trimmed)'
[2024-08-12 02:15:20,514] multiqc.modules.base_module                        [DEBUG  ]  fastqc/zip - Skipping './fastqc/SRR2155424_fastqc.zip' as it didn't match the path_filters for 'FastQC (trimmed)'
[2024-08-12 02:15:20,514] multiqc.modules.base_module                        [DEBUG  ]  fastqc/zip - Skipping './fastqc/SRR2155416_fastqc.zip' as it didn't match the path_filters for 'FastQC (trimmed)'
[2024-08-12 02:15:20,514] multiqc.modules.base_module                        [DEBUG  ]  fastqc/zip - Skipping './fastqc/SRR2155419_fastqc.zip' as it didn't match the path_filters for 'FastQC (trimmed)'
[2024-08-12 02:15:20,515] multiqc.modules.base_module                        [DEBUG  ]  fastqc/zip - Skipping './fastqc/SRR2155418_fastqc.zip' as it didn't match the path_filters for 'FastQC (trimmed)'
[2024-08-12 02:15:20,515] multiqc.modules.base_module                        [DEBUG  ]  fastqc/zip - Skipping './fastqc/SRR2155420_fastqc.zip' as it didn't match the path_filters for 'FastQC (trimmed)'
[2024-08-12 02:15:20,515] multiqc.modules.base_module                        [DEBUG  ]  fastqc/zip - Skipping './fastqc/SRR2155414_fastqc.zip' as it didn't match the path_filters for 'FastQC (trimmed)'
[2024-08-12 02:15:20,515] multiqc                                            [DEBUG  ]  No samples found: fastqc
[2024-08-12 02:15:20,515] multiqc                                            [DEBUG  ]  Reordering sections: anchor 'nf-core-rnaseq-methods-description' not found for module 'Biotype Counts'.
[2024-08-12 02:15:20,515] multiqc                                            [DEBUG  ]  Reordering sections: anchor 'software_versions' not found for module 'Biotype Counts'.
[2024-08-12 02:15:20,515] multiqc                                            [DEBUG  ]  Reordering sections: anchor 'nf-core-rnaseq-summary' not found for module 'Biotype Counts'.
[2024-08-12 02:15:20,515] multiqc                                            [DEBUG  ]  Reordering sections: anchor 'nf-core-rnaseq-methods-description' not found for module 'STAR_SALMON DESeq2 sample similarity'.
[2024-08-12 02:15:20,515] multiqc                                            [DEBUG  ]  Reordering sections: anchor 'software_versions' not found for module 'STAR_SALMON DESeq2 sample similarity'.
[2024-08-12 02:15:20,515] multiqc                                            [DEBUG  ]  Reordering sections: anchor 'nf-core-rnaseq-summary' not found for module 'STAR_SALMON DESeq2 sample similarity'.
[2024-08-12 02:15:20,515] multiqc                                            [DEBUG  ]  Reordering sections: anchor 'nf-core-rnaseq-methods-description' not found for module 'STAR_SALMON DESeq2 PCA plot'.
[2024-08-12 02:15:20,515] multiqc                                            [DEBUG  ]  Reordering sections: anchor 'software_versions' not found for module 'STAR_SALMON DESeq2 PCA plot'.
[2024-08-12 02:15:20,515] multiqc                                            [DEBUG  ]  Reordering sections: anchor 'nf-core-rnaseq-summary' not found for module 'STAR_SALMON DESeq2 PCA plot'.
[2024-08-12 02:15:20,515] multiqc                                            [DEBUG  ]  Reordering sections: anchor 'nf-core-rnaseq-methods-description' not found for module 'SALMON DESeq2 PCA plot'.
[2024-08-12 02:15:20,515] multiqc                                            [DEBUG  ]  Reordering sections: anchor 'software_versions' not found for module 'SALMON DESeq2 PCA plot'.
[2024-08-12 02:15:20,515] multiqc                                            [DEBUG  ]  Reordering sections: anchor 'nf-core-rnaseq-summary' not found for module 'SALMON DESeq2 PCA plot'.
[2024-08-12 02:15:20,515] multiqc                                            [DEBUG  ]  Reordering sections: anchor 'nf-core-rnaseq-methods-description' not found for module 'SALMON DESeq2 sample similarity'.
[2024-08-12 02:15:20,515] multiqc                                            [DEBUG  ]  Reordering sections: anchor 'software_versions' not found for module 'SALMON DESeq2 sample similarity'.
[2024-08-12 02:15:20,515] multiqc                                            [DEBUG  ]  Reordering sections: anchor 'nf-core-rnaseq-summary' not found for module 'SALMON DESeq2 sample similarity'.
[2024-08-12 02:15:20,515] multiqc                                            [DEBUG  ]  Reordering sections: anchor 'nf-core-rnaseq-methods-description' not found for module 'DupRadar'.
[2024-08-12 02:15:20,515] multiqc                                            [DEBUG  ]  Reordering sections: anchor 'software_versions' not found for module 'DupRadar'.
[2024-08-12 02:15:20,515] multiqc                                            [DEBUG  ]  Reordering sections: anchor 'nf-core-rnaseq-summary' not found for module 'DupRadar'.
[2024-08-12 02:15:20,515] multiqc                                            [DEBUG  ]  Reordering sections: anchor 'nf-core-rnaseq-methods-description' not found for module 'Picard'.
[2024-08-12 02:15:20,515] multiqc                                            [DEBUG  ]  Reordering sections: anchor 'software_versions' not found for module 'Picard'.
[2024-08-12 02:15:20,515] multiqc                                            [DEBUG  ]  Reordering sections: anchor 'nf-core-rnaseq-summary' not found for module 'Picard'.
[2024-08-12 02:15:20,515] multiqc                                            [DEBUG  ]  Reordering sections: anchor 'nf-core-rnaseq-methods-description' not found for module 'QualiMap'.
[2024-08-12 02:15:20,515] multiqc                                            [DEBUG  ]  Reordering sections: anchor 'software_versions' not found for module 'QualiMap'.
[2024-08-12 02:15:20,515] multiqc                                            [DEBUG  ]  Reordering sections: anchor 'nf-core-rnaseq-summary' not found for module 'QualiMap'.
[2024-08-12 02:15:20,515] multiqc                                            [DEBUG  ]  Reordering sections: anchor 'nf-core-rnaseq-methods-description' not found for module 'RSeQC'.
[2024-08-12 02:15:20,515] multiqc                                            [DEBUG  ]  Reordering sections: anchor 'software_versions' not found for module 'RSeQC'.
[2024-08-12 02:15:20,515] multiqc                                            [DEBUG  ]  Reordering sections: anchor 'nf-core-rnaseq-summary' not found for module 'RSeQC'.
[2024-08-12 02:15:20,516] multiqc                                            [DEBUG  ]  Reordering sections: anchor 'nf-core-rnaseq-methods-description' not found for module 'Salmon'.
[2024-08-12 02:15:20,516] multiqc                                            [DEBUG  ]  Reordering sections: anchor 'software_versions' not found for module 'Salmon'.
[2024-08-12 02:15:20,516] multiqc                                            [DEBUG  ]  Reordering sections: anchor 'nf-core-rnaseq-summary' not found for module 'Salmon'.
[2024-08-12 02:15:20,516] multiqc                                            [DEBUG  ]  Reordering sections: anchor 'nf-core-rnaseq-methods-description' not found for module 'Samtools'.
[2024-08-12 02:15:20,516] multiqc                                            [DEBUG  ]  Reordering sections: anchor 'software_versions' not found for module 'Samtools'.
[2024-08-12 02:15:20,516] multiqc                                            [DEBUG  ]  Reordering sections: anchor 'nf-core-rnaseq-summary' not found for module 'Samtools'.
[2024-08-12 02:15:20,516] multiqc                                            [DEBUG  ]  Reordering sections: anchor 'nf-core-rnaseq-methods-description' not found for module 'STAR'.
[2024-08-12 02:15:20,516] multiqc                                            [DEBUG  ]  Reordering sections: anchor 'software_versions' not found for module 'STAR'.
[2024-08-12 02:15:20,516] multiqc                                            [DEBUG  ]  Reordering sections: anchor 'nf-core-rnaseq-summary' not found for module 'STAR'.
[2024-08-12 02:15:20,516] multiqc                                            [DEBUG  ]  Reordering sections: anchor 'nf-core-rnaseq-methods-description' not found for module 'FastQC (raw)'.
[2024-08-12 02:15:20,516] multiqc                                            [DEBUG  ]  Reordering sections: anchor 'software_versions' not found for module 'FastQC (raw)'.
[2024-08-12 02:15:20,516] multiqc                                            [DEBUG  ]  Reordering sections: anchor 'nf-core-rnaseq-summary' not found for module 'FastQC (raw)'.
[2024-08-12 02:15:20,516] multiqc                                            [DEBUG  ]  Reordering sections: anchor 'nf-core-rnaseq-methods-description' not found for module 'nf-core/rnaseq Methods Description'.
[2024-08-12 02:15:20,516] multiqc                                            [DEBUG  ]  Reordering sections: anchor 'software_versions' not found for module 'nf-core/rnaseq Methods Description'.
[2024-08-12 02:15:20,516] multiqc                                            [DEBUG  ]  Reordering sections: anchor 'nf-core-rnaseq-summary' not found for module 'nf-core/rnaseq Methods Description'.
[2024-08-12 02:15:20,516] multiqc                                            [DEBUG  ]  Reordering sections: anchor 'nf-core-rnaseq-methods-description' not found for module 'nf-core/rnaseq Software Versions'.
[2024-08-12 02:15:20,516] multiqc                                            [DEBUG  ]  Reordering sections: anchor 'software_versions' not found for module 'nf-core/rnaseq Software Versions'.
[2024-08-12 02:15:20,516] multiqc                                            [DEBUG  ]  Reordering sections: anchor 'nf-core-rnaseq-summary' not found for module 'nf-core/rnaseq Software Versions'.
[2024-08-12 02:15:20,516] multiqc                                            [DEBUG  ]  Reordering sections: anchor 'nf-core-rnaseq-methods-description' not found for module 'nf-core/rnaseq Workflow Summary'.
[2024-08-12 02:15:20,516] multiqc                                            [DEBUG  ]  Reordering sections: anchor 'software_versions' not found for module 'nf-core/rnaseq Workflow Summary'.
[2024-08-12 02:15:20,516] multiqc                                            [DEBUG  ]  Reordering sections: anchor 'nf-core-rnaseq-summary' not found for module 'nf-core/rnaseq Workflow Summary'.
[2024-08-12 02:15:20,561] multiqc                                            [INFO   ]  Compressing plot data
[2024-08-12 02:15:22,460] multiqc                                            [INFO   ]  Report      : multiqc_report.html
[2024-08-12 02:15:22,460] multiqc                                            [INFO   ]  Data        : multiqc_data
[2024-08-12 02:15:22,460] multiqc                                            [DEBUG  ]  Moving data file from '/scratch/laxy/tmp/1qUtszdMrQnXC4tawunu92/tmpc1qxexy2/multiqc_data' to '/scratch/laxy/jobs/1qUtszdMrQnXC4tawunu92/output/work/b1/63d420c26d3bf396316b9dc3146b33/multiqc_data'
[2024-08-12 02:15:22,478] multiqc                                            [INFO   ]  Plots       : multiqc_plots
[2024-08-12 02:15:22,478] multiqc                                            [DEBUG  ]  Moving plots directory from '/scratch/laxy/tmp/1qUtszdMrQnXC4tawunu92/tmpc1qxexy2/multiqc_plots' to '/scratch/laxy/jobs/1qUtszdMrQnXC4tawunu92/output/work/b1/63d420c26d3bf396316b9dc3146b33/multiqc_plots'
[2024-08-12 02:15:22,567] multiqc                                            [INFO   ]  MultiQC complete
